2025-10-27T09:23:35.357+05:30  INFO 8380 --- [Demo11] [main] com.varanasi.demo11.Demo11Application    : Starting Demo11Application using Java 21.0.8 with PID 8380 (D:\Spring\Demo11\target\classes started by varan in D:\Spring\Demo11)
2025-10-27T09:23:35.359+05:30  INFO 8380 --- [Demo11] [main] com.varanasi.demo11.Demo11Application    : No active profile set, falling back to 1 default profile: "default"
2025-10-27T09:23:35.790+05:30  INFO 8380 --- [Demo11] [main] com.varanasi.demo11.Demo11Application    : Started Demo11Application in 0.775 seconds (process running for 1.313)
2025-10-27T09:23:35.795+05:30  INFO 8380 --- [Demo11] [main] com.varanasi.demo11.Demo11Application    : OwnerId is : 5600
2025-10-27T09:23:37.383+05:30 ERROR 8380 --- [Demo11] [main] com.varanasi.demo11.Demo11Application    : OwnerId not found= 1

com.varanasi.demo11.Exception.OwnerNotFoundException: OwnerId not found= 1
	at com.varanasi.demo11.RepositoryLayerImpl.RepositoryLayerImpl.findOwnerId(RepositoryLayerImpl.java:21) ~[classes/:na]
	at com.varanasi.demo11.ServiceLayerImpl.ServiceLayerImpl.findOwnerId(ServiceLayerImpl.java:26) ~[classes/:na]
	at com.varanasi.demo11.Demo11Application.run(Demo11Application.java:31) ~[classes/:na]
	at org.springframework.boot.SpringApplication.lambda$callRunner$5(SpringApplication.java:788) ~[spring-boot-3.5.7.jar:3.5.7]
	at org.springframework.util.function.ThrowingConsumer$1.acceptWithException(ThrowingConsumer.java:82) ~[spring-core-6.2.12.jar:6.2.12]
	at org.springframework.util.function.ThrowingConsumer.accept(ThrowingConsumer.java:60) ~[spring-core-6.2.12.jar:6.2.12]
	at org.springframework.util.function.ThrowingConsumer$1.accept(ThrowingConsumer.java:86) ~[spring-core-6.2.12.jar:6.2.12]
	at org.springframework.boot.SpringApplication.callRunner(SpringApplication.java:796) ~[spring-boot-3.5.7.jar:3.5.7]
	at org.springframework.boot.SpringApplication.callRunner(SpringApplication.java:787) ~[spring-boot-3.5.7.jar:3.5.7]
	at org.springframework.boot.SpringApplication.lambda$callRunners$3(SpringApplication.java:772) ~[spring-boot-3.5.7.jar:3.5.7]
	at java.base/java.util.stream.ForEachOps$ForEachOp$OfRef.accept(ForEachOps.java:184) ~[na:na]
	at java.base/java.util.stream.SortedOps$SizedRefSortingSink.end(SortedOps.java:357) ~[na:na]
	at java.base/java.util.stream.AbstractPipeline.copyInto(AbstractPipeline.java:510) ~[na:na]
	at java.base/java.util.stream.AbstractPipeline.wrapAndCopyInto(AbstractPipeline.java:499) ~[na:na]
	at java.base/java.util.stream.ForEachOps$ForEachOp.evaluateSequential(ForEachOps.java:151) ~[na:na]
	at java.base/java.util.stream.ForEachOps$ForEachOp$OfRef.evaluateSequential(ForEachOps.java:174) ~[na:na]
	at java.base/java.util.stream.AbstractPipeline.evaluate(AbstractPipeline.java:234) ~[na:na]
	at java.base/java.util.stream.ReferencePipeline.forEach(ReferencePipeline.java:596) ~[na:na]
	at org.springframework.boot.SpringApplication.callRunners(SpringApplication.java:772) ~[spring-boot-3.5.7.jar:3.5.7]
	at org.springframework.boot.SpringApplication.run(SpringApplication.java:325) ~[spring-boot-3.5.7.jar:3.5.7]
	at org.springframework.boot.SpringApplication.run(SpringApplication.java:1361) ~[spring-boot-3.5.7.jar:3.5.7]
	at org.springframework.boot.SpringApplication.run(SpringApplication.java:1350) ~[spring-boot-3.5.7.jar:3.5.7]
	at com.varanasi.demo11.Demo11Application.main(Demo11Application.java:21) ~[classes/:na]

